-2018-11-24 14:26:36 [main] INFO  c.p.grant.common.CommonApplication - Starting CommonApplication on DESKTOP-13ESBPR with PID 57340 (D:\PCSHAO\IDEAworkspace\GRA\GrantCommon\common\target\classes started by liuc in D:\PCSHAO\IDEAworkspace\GRA\GrantCommon)
-2018-11-24 14:26:36 [main] DEBUG c.p.grant.common.CommonApplication - Running with Spring Boot v2.0.1.RELEASE, Spring v5.0.5.RELEASE
-2018-11-24 14:26:36 [main] INFO  c.p.grant.common.CommonApplication - The following profiles are active: dev
-2018-11-24 14:26:36 [main] INFO  o.s.c.a.AnnotationConfigApplicationContext - Refreshing org.springframework.context.annotation.AnnotationConfigApplicationContext@7c7b252e: startup date [Sat Nov 24 14:26:36 CST 2018]; root of context hierarchy
-2018-11-24 14:26:37 [main] WARN  o.s.c.a.AnnotationConfigApplicationContext - Exception encountered during context initialization - cancelling refresh attempt: org.springframework.beans.factory.BeanCreationException: Error creating bean with name 'globalException': Injection of resource dependencies failed; nested exception is org.springframework.beans.factory.NoSuchBeanDefinitionException: No qualifying bean of type 'cn.pcshao.grant.common.exception.CustomException' available: expected at least 1 bean which qualifies as autowire candidate. Dependency annotations: {@javax.annotation.Resource(shareable=true, lookup=, name=, description=, authenticationType=CONTAINER, type=class java.lang.Object, mappedName=)}
-2018-11-24 14:26:37 [main] INFO  o.s.b.a.l.ConditionEvaluationReportLoggingListener - 

Error starting ApplicationContext. To display the conditions report re-run your application with 'debug' enabled.
-2018-11-24 14:26:37 [main] ERROR o.s.b.d.LoggingFailureAnalysisReporter - 

***************************
APPLICATION FAILED TO START
***************************

Description:

A component required a bean of type 'cn.pcshao.grant.common.exception.CustomException' that could not be found.


Action:

Consider defining a bean of type 'cn.pcshao.grant.common.exception.CustomException' in your configuration.

-2018-11-24 14:27:12 [main] INFO  c.p.grant.common.CommonApplication - Starting CommonApplication on DESKTOP-13ESBPR with PID 56052 (D:\PCSHAO\IDEAworkspace\GRA\GrantCommon\common\target\classes started by liuc in D:\PCSHAO\IDEAworkspace\GRA\GrantCommon)
-2018-11-24 14:27:12 [main] DEBUG c.p.grant.common.CommonApplication - Running with Spring Boot v2.0.1.RELEASE, Spring v5.0.5.RELEASE
-2018-11-24 14:27:12 [main] INFO  c.p.grant.common.CommonApplication - The following profiles are active: dev
-2018-11-24 14:27:12 [main] INFO  o.s.c.a.AnnotationConfigApplicationContext - Refreshing org.springframework.context.annotation.AnnotationConfigApplicationContext@692f203f: startup date [Sat Nov 24 14:27:12 CST 2018]; root of context hierarchy
-2018-11-24 14:27:13 [main] WARN  o.s.c.a.AnnotationConfigApplicationContext - Exception encountered during context initialization - cancelling refresh attempt: org.springframework.beans.factory.BeanCreationException: Error creating bean with name 'globalException': Injection of resource dependencies failed; nested exception is org.springframework.beans.factory.NoSuchBeanDefinitionException: No qualifying bean of type 'cn.pcshao.grant.common.exception.CustomException' available: expected at least 1 bean which qualifies as autowire candidate. Dependency annotations: {@javax.annotation.Resource(shareable=true, lookup=, name=, description=, authenticationType=CONTAINER, type=class java.lang.Object, mappedName=)}
-2018-11-24 14:27:13 [main] INFO  o.s.b.a.l.ConditionEvaluationReportLoggingListener - 

Error starting ApplicationContext. To display the conditions report re-run your application with 'debug' enabled.
-2018-11-24 14:27:13 [main] ERROR o.s.b.d.LoggingFailureAnalysisReporter - 

***************************
APPLICATION FAILED TO START
***************************

Description:

A component required a bean of type 'cn.pcshao.grant.common.exception.CustomException' that could not be found.


Action:

Consider defining a bean of type 'cn.pcshao.grant.common.exception.CustomException' in your configuration.

-2018-11-24 14:27:46 [main] INFO  c.p.grant.common.CommonApplication - Starting CommonApplication on DESKTOP-13ESBPR with PID 13672 (D:\PCSHAO\IDEAworkspace\GRA\GrantCommon\common\target\classes started by liuc in D:\PCSHAO\IDEAworkspace\GRA\GrantCommon)
-2018-11-24 14:27:46 [main] DEBUG c.p.grant.common.CommonApplication - Running with Spring Boot v2.0.1.RELEASE, Spring v5.0.5.RELEASE
-2018-11-24 14:27:46 [main] INFO  c.p.grant.common.CommonApplication - The following profiles are active: dev
-2018-11-24 14:27:46 [main] INFO  o.s.c.a.AnnotationConfigApplicationContext - Refreshing org.springframework.context.annotation.AnnotationConfigApplicationContext@692f203f: startup date [Sat Nov 24 14:27:46 CST 2018]; root of context hierarchy
-2018-11-24 14:27:46 [main] WARN  o.s.c.a.AnnotationConfigApplicationContext - Exception encountered during context initialization - cancelling refresh attempt: org.springframework.beans.factory.UnsatisfiedDependencyException: Error creating bean with name 'customException' defined in file [D:\PCSHAO\IDEAworkspace\GRA\GrantCommon\common\target\classes\cn\pcshao\grant\common\exception\CustomException.class]: Unsatisfied dependency expressed through constructor parameter 0; nested exception is org.springframework.beans.factory.NoSuchBeanDefinitionException: No qualifying bean of type 'java.lang.Integer' available: expected at least 1 bean which qualifies as autowire candidate. Dependency annotations: {}
-2018-11-24 14:27:46 [main] INFO  o.s.b.a.l.ConditionEvaluationReportLoggingListener - 

Error starting ApplicationContext. To display the conditions report re-run your application with 'debug' enabled.
-2018-11-24 14:27:46 [main] ERROR o.s.b.d.LoggingFailureAnalysisReporter - 

***************************
APPLICATION FAILED TO START
***************************

Description:

Parameter 0 of constructor in cn.pcshao.grant.common.exception.CustomException required a bean of type 'java.lang.Integer' that could not be found.


Action:

Consider defining a bean of type 'java.lang.Integer' in your configuration.

-2018-11-24 14:28:47 [main] INFO  c.p.grant.common.CommonApplication - Starting CommonApplication on DESKTOP-13ESBPR with PID 44204 (D:\PCSHAO\IDEAworkspace\GRA\GrantCommon\common\target\classes started by liuc in D:\PCSHAO\IDEAworkspace\GRA\GrantCommon)
-2018-11-24 14:28:47 [main] DEBUG c.p.grant.common.CommonApplication - Running with Spring Boot v2.0.1.RELEASE, Spring v5.0.5.RELEASE
-2018-11-24 14:28:47 [main] INFO  c.p.grant.common.CommonApplication - The following profiles are active: dev
-2018-11-24 14:28:47 [main] INFO  o.s.c.a.AnnotationConfigApplicationContext - Refreshing org.springframework.context.annotation.AnnotationConfigApplicationContext@692f203f: startup date [Sat Nov 24 14:28:47 CST 2018]; root of context hierarchy
-2018-11-24 14:28:47 [main] INFO  o.s.j.e.a.AnnotationMBeanExporter - Registering beans for JMX exposure on startup
-2018-11-24 14:28:47 [main] INFO  c.p.grant.common.CommonApplication - Started CommonApplication in 1.104 seconds (JVM running for 1.911)
-2018-11-24 14:28:47 [Thread-4] INFO  o.s.c.a.AnnotationConfigApplicationContext - Closing org.springframework.context.annotation.AnnotationConfigApplicationContext@692f203f: startup date [Sat Nov 24 14:28:47 CST 2018]; root of context hierarchy
-2018-11-24 14:28:47 [Thread-4] INFO  o.s.j.e.a.AnnotationMBeanExporter - Unregistering JMX-exposed beans on shutdown
